qianghongbao/proguard/seeds.txt
com.example.qianghongbao.MainActivity
com.example.qianghongbao.MainActivity: MainActivity()
com.example.qianghongbao.MainActivity: void onNotificationEnableButtonClicked(android.view.View)
com.example.qianghongbao.MainActivity: void onSettingsClicked(android.view.View)
com.example.qianghongbao.NotificationService
com.example.qianghongbao.NotificationService: NotificationService()
com.example.qianghongbao.QiangHongBaoService
com.example.qianghongbao.QiangHongBaoService: QiangHongBaoService()
com.example.qianghongbao.R$color: int highlight_color
com.example.qianghongbao.R$dimen: int activity_horizontal_margin
com.example.qianghongbao.R$dimen: int activity_vertical_margin
com.example.qianghongbao.R$drawable: int btn_red
com.example.qianghongbao.R$drawable: int btn_red_focus
com.example.qianghongbao.R$drawable: int btn_red_normal
com.example.qianghongbao.R$drawable: int dialog_bkg
com.example.qianghongbao.R$drawable: int dialog_button_bkg
com.example.qianghongbao.R$drawable: int ic
com.example.qianghongbao.R$drawable: int item_highlight_bkg
com.example.qianghongbao.R$drawable: int tips1
com.example.qianghongbao.R$drawable: int tips2
com.example.qianghongbao.R$id: int button_accessibility
com.example.qianghongbao.R$id: int button_layout
com.example.qianghongbao.R$id: int button_notification
com.example.qianghongbao.R$id: int dialog_message
com.example.qianghongbao.R$id: int dialog_title
com.example.qianghongbao.R$id: int image_accessibility
com.example.qianghongbao.R$id: int image_notification
com.example.qianghongbao.R$id: int label_accessible
com.example.qianghongbao.R$id: int label_notification
com.example.qianghongbao.R$id: int label_text
com.example.qianghongbao.R$layout: int confirm_dialog_layout
com.example.qianghongbao.R$layout: int main
com.example.qianghongbao.R$string: int accessibility_description
com.example.qianghongbao.R$string: int app_name
com.example.qianghongbao.R$string: int disable_accessibility
com.example.qianghongbao.R$string: int enable_accessibility
com.example.qianghongbao.R$string: int enable_notification
com.example.qianghongbao.R$string: int running_state
com.example.qianghongbao.R$string: int testverion
com.example.qianghongbao.R$string: int user_tips
com.example.qianghongbao.R$string: int user_tips_details
com.example.qianghongbao.R$style: int AppBaseTheme
com.example.qianghongbao.R$style: int FullHeightDialog
com.example.qianghongbao.R$xml: int qianghongbao_service_config
...
android.support.v4.app.FragmentTabHost
android.support.v4.app.FragmentTabHost: FragmentTabHost(android.content.Context,android.util.AttributeSet)
android.support.v4.app.FragmentTabHost: void setOnTabChangedListener(android.widget.TabHost$OnTabChangeListener)
android.support.v4.app.FragmentTabHost$SavedState
android.support.v4.app.FragmentTabHost$SavedState: android.os.Parcelable$Creator CREATOR
android.support.v4.content.FileProvider
android.support.v4.content.ModernAsyncTask$Status: android.support.v4.content.ModernAsyncTask$Status[] values()
android.support.v4.content.ModernAsyncTask$Status: android.support.v4.content.ModernAsyncTask$Status valueOf(java.lang.String)
android.support.v4.content.WakefulBroadcastReceiver
android.support.v4.view.PagerTabStrip
android.support.v4.view.PagerTabStrip: PagerTabStrip(android.content.Context,android.util.AttributeSet)
android.support.v4.view.PagerTabStrip: void setTabIndicatorColor(int)
android.support.v4.view.PagerTabStrip: void setTabIndicatorColorResource(int)
android.support.v4.view.PagerTabStrip: int getTabIndicatorColor()
android.support.v4.view.PagerTabStrip: void setTextSpacing(int)
android.support.v4.view.PagerTabStrip: void setBackgroundDrawable(android.graphics.drawable.Drawable)
android.support.v4.view.PagerTabStrip: void setBackgroundColor(int)
android.support.v4.view.PagerTabStrip: void setBackgroundResource(int)
android.support.v4.view.PagerTabStrip: void setDrawFullUnderline(boolean)
android.support.v4.view.PagerTabStrip: boolean getDrawFullUnderline()
android.support.v4.view.PagerTabStrip: int getMinHeight()
android.support.v4.view.PagerTitleStrip
android.support.v4.view.PagerTitleStrip: void setSingleLineAllCaps(android.widget.TextView)
android.support.v4.view.PagerTitleStrip: PagerTitleStrip(android.content.Context,android.util.AttributeSet)
android.support.v4.view.PagerTitleStrip: void setTextSpacing(int)
android.support.v4.view.PagerTitleStrip: int getTextSpacing()
android.support.v4.view.PagerTitleStrip: void setNonPrimaryAlpha(float)
android.support.v4.view.PagerTitleStrip: void setTextColor(int)
android.support.v4.view.PagerTitleStrip: void setGravity(int)
android.support.v4.view.PagerTitleStrip: int getMinHeight()
android.support.v4.view.ViewPager
android.support.v4.view.ViewPager: ViewPager(android.content.Context,android.util.AttributeSet)
android.support.v4.view.ViewPager: void setScrollState(int)
android.support.v4.view.ViewPager: void setAdapter(android.support.v4.view.PagerAdapter)
android.support.v4.view.ViewPager: android.support.v4.view.PagerAdapter getAdapter()
android.support.v4.view.ViewPager: void setOnAdapterChangeListener(android.support.v4.view.ViewPager$OnAdapterChangeListener)
android.support.v4.view.ViewPager: int getClientWidth()
android.support.v4.view.ViewPager: void setCurrentItem(int)
android.support.v4.view.ViewPager: int getCurrentItem()
android.support.v4.view.ViewPager: void setOnPageChangeListener(android.support.v4.view.ViewPager$OnPageChangeListener)
android.support.v4.view.ViewPager: void setChildrenDrawingOrderEnabledCompat(boolean)
android.support.v4.view.ViewPager: int getOffscreenPageLimit()
android.support.v4.view.ViewPager: void setOffscreenPageLimit(int)
android.support.v4.view.ViewPager: void setPageMargin(int)
android.support.v4.view.ViewPager: int getPageMargin()
android.support.v4.view.ViewPager: void setPageMarginDrawable(android.graphics.drawable.Drawable)
android.support.v4.view.ViewPager: void setPageMarginDrawable(int)
android.support.v4.view.ViewPager: void setScrollingCacheEnabled(boolean)
android.support.v4.view.ViewPager$LayoutParams
android.support.v4.view.ViewPager$LayoutParams: ViewPager$LayoutParams(android.content.Context,android.util.AttributeSet)
android.support.v4.view.ViewPager$SavedState
android.support.v4.view.ViewPager$SavedState: android.os.Parcelable$Creator CREATOR