qianghongbao/proguard/mapping.txt
com.example.qianghongbao.MainActivity -> com.example.qianghongbao.MainActivity:
    android.content.Intent sSettingsIntent -> a
    android.widget.TextView mAccessibleLabel -> b
    android.widget.TextView mNotificationLabel -> c
    android.widget.TextView mLabelText -> d
    void onCreate(android.os.Bundle) -> onCreate
    void onResume() -> onResume
    void changeLabelStatus() -> a
    void onNotificationEnableButtonClicked(android.view.View) -> onNotificationEnableButtonClicked
    void onSettingsClicked(android.view.View) -> onSettingsClicked
    boolean isAccessibleEnabled() -> b
    boolean isNotificationEnabled() -> c
com.example.qianghongbao.NotificationService -> com.example.qianghongbao.NotificationService:
    void onNotificationPosted(android.service.notification.StatusBarNotification) -> onNotificationPosted
    void unlockScreen() -> a
    void onNotificationRemoved(android.service.notification.StatusBarNotification) -> onNotificationRemoved
com.example.qianghongbao.QiangHongBaoService -> com.example.qianghongbao.QiangHongBaoService:
    java.lang.Boolean StartPick -> a
    java.lang.String tag -> b
    com.example.qianghongbao.QiangHongBaoService$changestartpick receiver -> c
    void onCreate() -> onCreate
    void onDestroy() -> onDestroy
    void onAccessibilityEvent(android.view.accessibility.AccessibilityEvent) -> onAccessibilityEvent
    boolean onKeyEvent(android.view.KeyEvent) -> onKeyEvent
    void unlockScreen() -> a
    void onInterrupt() -> onInterrupt
    void onServiceConnected() -> onServiceConnected
    void openNotify(android.view.accessibility.AccessibilityEvent) -> a
    void openHongBao(android.view.accessibility.AccessibilityEvent) -> b
    void checkKey1() -> b
    void checkKey2() -> c
    java.lang.String access$0(com.example.qianghongbao.QiangHongBaoService) -> a
com.example.qianghongbao.QiangHongBaoService$changestartpick -> com.example.qianghongbao.a:
    com.example.qianghongbao.QiangHongBaoService this$0 -> a
    void onReceive(android.content.Context,android.content.Intent) -> onReceive
...
android.support.v4.app.FragmentState$1 -> android.support.v4.app.s:
    android.support.v4.app.FragmentState createFromParcel(android.os.Parcel) -> a
    android.support.v4.app.FragmentState[] newArray(int) -> a
    java.lang.Object[] newArray(int) -> newArray
    java.lang.Object createFromParcel(android.os.Parcel) -> createFromParcel
android.support.v4.app.FragmentTabHost -> android.support.v4.app.FragmentTabHost:
    java.util.ArrayList mTabs -> a
    android.content.Context mContext -> b
    android.support.v4.app.FragmentManager mFragmentManager -> c
    int mContainerId -> d
    android.widget.TabHost$OnTabChangeListener mOnTabChangeListener -> e
    android.support.v4.app.FragmentTabHost$TabInfo mLastTab -> f
    boolean mAttached -> g
    void setup() -> setup
    void setOnTabChangedListener(android.widget.TabHost$OnTabChangeListener) -> setOnTabChangedListener
    void onAttachedToWindow() -> onAttachedToWindow
    void onDetachedFromWindow() -> onDetachedFromWindow
    android.os.Parcelable onSaveInstanceState() -> onSaveInstanceState
    void onRestoreInstanceState(android.os.Parcelable) -> onRestoreInstanceState
    void onTabChanged(java.lang.String) -> onTabChanged
    android.support.v4.app.FragmentTransaction doTabChanged(java.lang.String,android.support.v4.app.FragmentTransaction) -> a
android.support.v4.app.FragmentTabHost$1 -> android.support.v4.app.t:
android.support.v4.app.FragmentTabHost$SavedState -> android.support.v4.app.FragmentTabHost$SavedState:
    java.lang.String curTab -> a
    android.os.Parcelable$Creator CREATOR -> CREATOR
    void writeToParcel(android.os.Parcel,int) -> writeToParcel
    java.lang.String toString() -> toString
android.support.v4.app.FragmentTabHost$SavedState$1 -> android.support.v4.app.u:
    android.support.v4.app.FragmentTabHost$SavedState createFromParcel(android.os.Parcel) -> a
    android.support.v4.app.FragmentTabHost$SavedState[] newArray(int) -> a
    java.lang.Object[] newArray(int) -> newArray
    java.lang.Object createFromParcel(android.os.Parcel) -> createFromParcel
android.support.v4.app.FragmentTabHost$TabInfo -> android.support.v4.app.v:
    java.lang.String tag -> a
    java.lang.Class clss -> b
    android.os.Bundle args -> c
    android.support.v4.app.Fragment fragment -> d
    android.support.v4.app.Fragment access$102(android.support.v4.app.FragmentTabHost$TabInfo,android.support.v4.app.Fragment) -> a
    android.support.v4.app.Fragment access$100(android.support.v4.app.FragmentTabHost$TabInfo) -> a
    java.lang.String access$200(android.support.v4.app.FragmentTabHost$TabInfo) -> b
    java.lang.Class access$300(android.support.v4.app.FragmentTabHost$TabInfo) -> c
    android.os.Bundle access$400(android.support.v4.app.FragmentTabHost$TabInfo) -> d
android.support.v4.app.FragmentTransaction -> android.support.v4.app.w:
    android.support.v4.app.FragmentTransaction add(int,android.support.v4.app.Fragment,java.lang.String) -> a
    android.support.v4.app.FragmentTransaction detach(android.support.v4.app.Fragment) -> a
    android.support.v4.app.FragmentTransaction attach(android.support.v4.app.Fragment) -> b
    int commit() -> a
android.support.v4.app.LoaderManager -> android.support.v4.app.x:
    boolean hasRunningLoaders() -> a
android.support.v4.app.LoaderManager$LoaderCallbacks -> android.support.v4.app.y:
    android.support.v4.content.Loader onCreateLoader(int,android.os.Bundle) -> a
    void onLoadFinished(android.support.v4.content.Loader,java.lang.Object) -> a
    void onLoaderReset(android.support.v4.content.Loader) -> a