qianghongbao/proguard/usage.txt
com.example.qianghongbao.BuildConfig
com.example.qianghongbao.NotificationService:
    62:66:private void setstart(java.lang.Boolean)
com.example.qianghongbao.QiangHongBaoService:
    static final java.lang.String TAG
    static final java.lang.String WECHAT_PACKAGENAME
    static final java.lang.String HONGBAO_TEXT_KEY
    127:152:private void ring()
    190:201:private void sendNotifyEvent()
    241:245:private void setstart(java.lang.Boolean)
com.example.qianghongbao.R
com.example.qianghongbao.R$attr
com.example.qianghongbao.R$color
com.example.qianghongbao.R$dimen
com.example.qianghongbao.R$drawable
com.example.qianghongbao.R$id
com.example.qianghongbao.R$layout
com.example.qianghongbao.R$string
com.example.qianghongbao.R$style
com.example.qianghongbao.R$xml
...
android.support.v4.app.FragmentActivity$FragmentTag:
    public static final int Fragment_id
    public static final int Fragment_name
    public static final int Fragment_tag
    134:134:FragmentActivity$FragmentTag()
android.support.v4.app.FragmentManager:
    public static final int POP_BACK_STACK_INCLUSIVE
    142:142:public android.support.v4.app.FragmentTransaction openTransaction()
    public abstract android.support.v4.app.Fragment findFragmentById(int)
    public abstract void popBackStack()
    public abstract boolean popBackStackImmediate()
    public abstract void popBackStack(java.lang.String,int)
    public abstract boolean popBackStackImmediate(java.lang.String,int)
    public abstract void popBackStack(int,int)
    public abstract boolean popBackStackImmediate(int,int)
    public abstract int getBackStackEntryCount()
    public abstract android.support.v4.app.FragmentManager$BackStackEntry getBackStackEntryAt(int)
    public abstract void addOnBackStackChangedListener(android.support.v4.app.FragmentManager$OnBackStackChangedListener)
    public abstract void removeOnBackStackChangedListener(android.support.v4.app.FragmentManager$OnBackStackChangedListener)
    public abstract void putFragment(android.os.Bundle,java.lang.String,android.support.v4.app.Fragment)
    public abstract android.support.v4.app.Fragment getFragment(android.os.Bundle,java.lang.String)
    public abstract java.util.List getFragments()
    public abstract android.support.v4.app.Fragment$SavedState saveFragmentInstanceState(android.support.v4.app.Fragment)
    public abstract void dump(java.lang.String,java.io.FileDescriptor,java.io.PrintWriter,java.lang.String[])
android.support.v4.app.FragmentManager$BackStackEntry
android.support.v4.app.FragmentManagerImpl:
    static final java.lang.String TAG
    static final java.lang.String TARGET_REQUEST_CODE_STATE_TAG
    static final java.lang.String TARGET_STATE_TAG
    static final java.lang.String VIEW_STATE_TAG
    static final java.lang.String USER_VISIBLE_HINT_TAG
    static final int ANIM_DUR
    public static final int ANIM_STYLE_OPEN_ENTER
    public static final int ANIM_STYLE_OPEN_EXIT
    public static final int ANIM_STYLE_CLOSE_ENTER
    public static final int ANIM_STYLE_CLOSE_EXIT
    public static final int ANIM_STYLE_FADE_ENTER
    public static final int ANIM_STYLE_FADE_EXIT
    477:482:public void popBackStack()
    493:498:public void popBackStack(java.lang.String,int)
    502:504:public boolean popBackStackImmediate(java.lang.String,int)
    509:517:public void popBackStack(int,int)
    521:526:public boolean popBackStackImmediate(int,int)
    531:531:public int getBackStackEntryCount()
    536:536:public android.support.v4.app.FragmentManager$BackStackEntry getBackStackEntryAt(int)
    541:545:public void addOnBackStackChangedListener(android.support.v4.app.FragmentManager$OnBackStackChangedListener)
    549:552:public void removeOnBackStackChangedListener(android.support.v4.app.FragmentManager$OnBackStackChangedListener)
    583:583:public java.util.List getFragments()
    588:596:public android.support.v4.app.Fragment$SavedState saveFragmentInstanceState(android.support.v4.app.Fragment)
android.support.v4.app.FragmentManagerImpl$2
android.support.v4.app.FragmentManagerImpl$3
android.support.v4.app.FragmentManagerImpl$4
android.support.v4.app.FragmentPagerAdapter
android.support.v4.app.FragmentStatePagerAdapter